<?xml version="1.0" encoding="UTF-8"?>
<!-- Generated by org.testng.reporters.JUnitXMLReporter -->
<testsuite hostname="LAPTOPCUAKHANG" failures="0" tests="3" name="Default test" time="9.68" errors="0" timestamp="21 Feb 2025 01:21:13 GMT">
  <testcase classname="com.poly.kiemthu.RegisterTest" name="testRegister_EmailExists" time="0.275"/>
  <testcase classname="com.poly.kiemthu.RegisterTest" name="testRegister_Success" time="0.051"/>
  <testcase classname="com.poly.kiemthu.RegisterTest" name="testRegister_UsernameExists" time="0.007"/>
</testsuite> <!-- Default test -->
