<?xml version="1.0" encoding="UTF-8"?>
<testng-results total="3" passed="3" failed="0" skipped="0">
  <reporter-output>
  </reporter-output>
  <suite started-at="2025-02-21T01:21:03Z" name="Default suite" finished-at="2025-02-21T01:21:13Z" duration-ms="9680">
    <groups>
    </groups>
    <test started-at="2025-02-21T01:21:03Z" name="Default test" finished-at="2025-02-21T01:21:13Z" duration-ms="9680">
      <class name="com.poly.kiemthu.RegisterTest">
        <test-method is-config="true" signature="springTestContextBeforeTestClass()[pri:0, instance:com.poly.kiemthu.RegisterTest@3624da92]" started-at="2025-02-21T08:21:03Z" name="springTestContextBeforeTestClass" finished-at="2025-02-21T08:21:03Z" duration-ms="13" status="PASS">
          <reporter-output>
          </reporter-output>
        </test-method> <!-- springTestContextBeforeTestClass -->
        <test-method is-config="true" signature="springTestContextPrepareTestInstance()[pri:0, instance:com.poly.kiemthu.RegisterTest@3624da92]" started-at="2025-02-21T08:21:03Z" name="springTestContextPrepareTestInstance" finished-at="2025-02-21T08:21:12Z" depends-on-methods="org.springframework.test.context.testng.AbstractTestNGSpringContextTests.springTestContextBeforeTestClass" duration-ms="8104" status="PASS">
          <reporter-output>
          </reporter-output>
        </test-method> <!-- springTestContextPrepareTestInstance -->
        <test-method is-config="true" signature="springTestContextBeforeTestMethod(java.lang.reflect.Method)[pri:0, instance:com.poly.kiemthu.RegisterTest@3624da92]" started-at="2025-02-21T08:21:12Z" name="springTestContextBeforeTestMethod" finished-at="2025-02-21T08:21:12Z" duration-ms="939" status="PASS">
          <params>
            <param index="0">
              <value>
                <![CDATA[public void com.poly.kiemthu.RegisterTest.testRegister_EmailExists()]]>
              </value>
            </param>
          </params>
          <reporter-output>
          </reporter-output>
        </test-method> <!-- springTestContextBeforeTestMethod -->
        <test-method is-config="true" signature="setUp()[pri:0, instance:com.poly.kiemthu.RegisterTest@3624da92]" started-at="2025-02-21T08:21:12Z" name="setUp" finished-at="2025-02-21T08:21:13Z" duration-ms="205" status="PASS">
          <reporter-output>
          </reporter-output>
        </test-method> <!-- setUp -->
        <test-method signature="testRegister_EmailExists()[pri:0, instance:com.poly.kiemthu.RegisterTest@3624da92]" started-at="2025-02-21T08:21:13Z" name="testRegister_EmailExists" finished-at="2025-02-21T08:21:13Z" duration-ms="275" status="PASS">
          <reporter-output>
          </reporter-output>
        </test-method> <!-- testRegister_EmailExists -->
        <test-method is-config="true" signature="springTestContextAfterTestMethod(java.lang.reflect.Method)[pri:0, instance:com.poly.kiemthu.RegisterTest@3624da92]" started-at="2025-02-21T08:21:13Z" name="springTestContextAfterTestMethod" finished-at="2025-02-21T08:21:13Z" duration-ms="38" status="PASS">
          <params>
            <param index="0">
              <value>
                <![CDATA[public void com.poly.kiemthu.RegisterTest.testRegister_EmailExists()]]>
              </value>
            </param>
          </params>
          <reporter-output>
          </reporter-output>
        </test-method> <!-- springTestContextAfterTestMethod -->
        <test-method is-config="true" signature="springTestContextBeforeTestMethod(java.lang.reflect.Method)[pri:0, instance:com.poly.kiemthu.RegisterTest@3624da92]" started-at="2025-02-21T08:21:13Z" name="springTestContextBeforeTestMethod" finished-at="2025-02-21T08:21:13Z" duration-ms="6" status="PASS">
          <params>
            <param index="0">
              <value>
                <![CDATA[public void com.poly.kiemthu.RegisterTest.testRegister_Success()]]>
              </value>
            </param>
          </params>
          <reporter-output>
          </reporter-output>
        </test-method> <!-- springTestContextBeforeTestMethod -->
        <test-method is-config="true" signature="setUp()[pri:0, instance:com.poly.kiemthu.RegisterTest@3624da92]" started-at="2025-02-21T08:21:13Z" name="setUp" finished-at="2025-02-21T08:21:13Z" duration-ms="8" status="PASS">
          <reporter-output>
          </reporter-output>
        </test-method> <!-- setUp -->
        <test-method signature="testRegister_Success()[pri:0, instance:com.poly.kiemthu.RegisterTest@3624da92]" started-at="2025-02-21T08:21:13Z" name="testRegister_Success" finished-at="2025-02-21T08:21:13Z" duration-ms="51" status="PASS">
          <reporter-output>
          </reporter-output>
        </test-method> <!-- testRegister_Success -->
        <test-method is-config="true" signature="springTestContextAfterTestMethod(java.lang.reflect.Method)[pri:0, instance:com.poly.kiemthu.RegisterTest@3624da92]" started-at="2025-02-21T08:21:13Z" name="springTestContextAfterTestMethod" finished-at="2025-02-21T08:21:13Z" duration-ms="5" status="PASS">
          <params>
            <param index="0">
              <value>
                <![CDATA[public void com.poly.kiemthu.RegisterTest.testRegister_Success()]]>
              </value>
            </param>
          </params>
          <reporter-output>
          </reporter-output>
        </test-method> <!-- springTestContextAfterTestMethod -->
        <test-method is-config="true" signature="springTestContextBeforeTestMethod(java.lang.reflect.Method)[pri:0, instance:com.poly.kiemthu.RegisterTest@3624da92]" started-at="2025-02-21T08:21:13Z" name="springTestContextBeforeTestMethod" finished-at="2025-02-21T08:21:13Z" duration-ms="4" status="PASS">
          <params>
            <param index="0">
              <value>
                <![CDATA[public void com.poly.kiemthu.RegisterTest.testRegister_UsernameExists()]]>
              </value>
            </param>
          </params>
          <reporter-output>
          </reporter-output>
        </test-method> <!-- springTestContextBeforeTestMethod -->
        <test-method is-config="true" signature="setUp()[pri:0, instance:com.poly.kiemthu.RegisterTest@3624da92]" started-at="2025-02-21T08:21:13Z" name="setUp" finished-at="2025-02-21T08:21:13Z" duration-ms="5" status="PASS">
          <reporter-output>
          </reporter-output>
        </test-method> <!-- setUp -->
        <test-method signature="testRegister_UsernameExists()[pri:0, instance:com.poly.kiemthu.RegisterTest@3624da92]" started-at="2025-02-21T08:21:13Z" name="testRegister_UsernameExists" finished-at="2025-02-21T08:21:13Z" duration-ms="7" status="PASS">
          <reporter-output>
          </reporter-output>
        </test-method> <!-- testRegister_UsernameExists -->
        <test-method is-config="true" signature="springTestContextAfterTestMethod(java.lang.reflect.Method)[pri:0, instance:com.poly.kiemthu.RegisterTest@3624da92]" started-at="2025-02-21T08:21:13Z" name="springTestContextAfterTestMethod" finished-at="2025-02-21T08:21:13Z" duration-ms="4" status="PASS">
          <params>
            <param index="0">
              <value>
                <![CDATA[public void com.poly.kiemthu.RegisterTest.testRegister_UsernameExists()]]>
              </value>
            </param>
          </params>
          <reporter-output>
          </reporter-output>
        </test-method> <!-- springTestContextAfterTestMethod -->
        <test-method is-config="true" signature="springTestContextAfterTestClass()[pri:0, instance:com.poly.kiemthu.RegisterTest@3624da92]" started-at="2025-02-21T08:21:13Z" name="springTestContextAfterTestClass" finished-at="2025-02-21T08:21:13Z" duration-ms="1" status="PASS">
          <reporter-output>
          </reporter-output>
        </test-method> <!-- springTestContextAfterTestClass -->
      </class> <!-- com.poly.kiemthu.RegisterTest -->
    </test> <!-- Default test -->
  </suite> <!-- Default suite -->
</testng-results>
